<?xml version="1.0" encoding="UTF-8"?>
<!-- Generated by org.testng.reporters.JUnitReportReporter -->
<testsuite hostname="RK" failures="0" tests="1" name="com.eComDeveloper.tests.TestCase_1" time="16.456" errors="0" timestamp="2024-05-16T23:32:12 IST" skipped="0">
  <testcase classname="com.eComDeveloper.tests.TestCase_1" name="test" time="16.456"/>
</testsuite> <!-- com.eComDeveloper.tests.TestCase_1 -->
