<?xml version="1.0" encoding="UTF-8"?>
<!-- Generated by org.testng.reporters.JUnitReportReporter -->
<testsuite hostname="DESKTOP-T6R3T2N" failures="0" tests="1" name="com.eComDeveloper.tests.DashboardTest1" time="11.169" errors="0" timestamp="2023-12-20T11:23:23 IST" skipped="0">
  <testcase classname="com.eComDeveloper.tests.DashboardTest1" name="dashboardTest" time="11.169"/>
  <system-out/>
</testsuite> <!-- com.eComDeveloper.tests.DashboardTest1 -->
