<?xml version="1.0" encoding="UTF-8"?>
<!-- Generated by org.testng.reporters.JUnitReportReporter -->
<testsuite hostname="DESKTOP-T6R3T2N" failures="0" tests="1" name="com.eComDeveloper.tests.LoginTest" time="20.751" errors="0" timestamp="2023-12-17T16:19:07 IST" skipped="0">
  <testcase classname="com.eComDeveloper.tests.LoginTest" name="loginTest" time="20.751"/>
  <system-out/>
</testsuite> <!-- com.eComDeveloper.tests.LoginTest -->
