<?xml version="1.0" encoding="UTF-8"?>
<!-- Generated by org.testng.reporters.JUnitReportReporter -->
<testsuite hostname="RK" failures="0" tests="1" name="com.eComDeveloper.tests.TestCase_1" time="27.103" errors="0" timestamp="2024-05-16T12:28:53 IST" skipped="0">
  <testcase classname="com.eComDeveloper.tests.TestCase_1" name="test" time="27.103"/>
</testsuite> <!-- com.eComDeveloper.tests.TestCase_1 -->
