<?xml version="1.0" encoding="UTF-8"?>
<!-- Generated by org.testng.reporters.JUnitReportReporter -->
<testsuite hostname="DESKTOP-T6R3T2N" failures="0" tests="1" name="com.eComDeveloper.commonPage.CommonPage" time="42.624" errors="0" timestamp="2023-11-12T12:08:53 IST" skipped="0">
  <testcase classname="com.eComDeveloper.commonPage.CommonPage" name="commonPage" time="42.624"/>
  <system-out/>
</testsuite> <!-- com.eComDeveloper.commonPage.CommonPage -->
