<?xml version="1.0" encoding="UTF-8"?>
<!-- Generated by org.testng.reporters.JUnitReportReporter -->
<testsuite hostname="DESKTOP-T6R3T2N" failures="0" tests="1" name="com.eComDeveloper.tests.DashboardTest" time="40.007" errors="0" timestamp="2023-12-17T18:26:18 IST" skipped="0">
  <testcase classname="com.eComDeveloper.tests.DashboardTest" name="dashboardTest" time="40.007"/>
  <system-out/>
</testsuite> <!-- com.eComDeveloper.tests.DashboardTest -->
