<?xml version="1.0" encoding="UTF-8"?>
<!-- Generated by org.testng.reporters.JUnitReportReporter -->
<testsuite hostname="RK" failures="0" tests="2" name="com.eComDeveloper.tests.ParallelTest" time="18.763" errors="0" timestamp="2024-05-06T11:36:01 IST" skipped="0">
  <testcase classname="com.eComDeveloper.tests.ParallelTest" name="testEdgeBrowser" time="10.005"/>
  <testcase classname="com.eComDeveloper.tests.ParallelTest" name="testChromeBrowser" time="8.758"/>
</testsuite> <!-- com.eComDeveloper.tests.ParallelTest -->
